TN:
SF:client/components/Overview/AddToCart.jsx
FN:4,AddToCart
FN:6,handleClick
FNF:2
FNH:1
FNDA:1,AddToCart
FNDA:0,handleClick
DA:1,1
DA:2,1
DA:3,1
DA:4,1
DA:5,1
DA:6,1
DA:7,0
DA:8,0
DA:9,0
DA:10,0
DA:11,0
DA:12,0
DA:13,0
DA:14,1
DA:15,1
DA:16,0
DA:17,0
DA:18,0
DA:19,0
DA:20,1
DA:21,1
DA:22,1
DA:23,1
DA:24,1
DA:25,1
DA:26,1
DA:27,1
DA:28,1
DA:29,1
LF:29
LH:18
BRDA:4,0,0,1
BRDA:15,1,0,0
BRDA:15,2,0,0
BRDA:15,3,0,0
BRF:4
BRH:1
end_of_record
TN:
SF:client/components/Overview/DefaultView.jsx
FN:9,DefaultView
FN:39,expandPic
FN:43,closeOut
FN:47,changeThumbNail
FN:54,handleRight
FN:61,handleLeft
FN:68,renderThumbnail
FN:72,render
FNF:8
FNH:4
FNDA:2,DefaultView
FNDA:1,expandPic
FNDA:0,closeOut
FNDA:0,changeThumbNail
FNDA:0,handleRight
FNDA:1,handleLeft
FNDA:0,renderThumbnail
FNDA:3,render
DA:1,1
DA:2,1
DA:3,1
DA:4,1
DA:5,1
DA:6,1
DA:7,1
DA:8,1
DA:9,1
DA:10,2
DA:11,2
DA:12,2
DA:13,2
DA:14,2
DA:15,2
DA:16,2
DA:17,2
DA:18,2
DA:19,2
DA:20,2
DA:21,2
DA:22,2
DA:23,2
DA:24,1
DA:25,1
DA:26,1
DA:27,1
DA:28,1
DA:29,1
DA:30,1
DA:31,1
DA:32,1
DA:33,1
DA:34,1
DA:35,1
DA:36,1
DA:37,1
DA:38,1
DA:39,1
DA:40,1
DA:41,1
DA:42,1
DA:43,1
DA:44,0
DA:45,0
DA:46,1
DA:47,1
DA:48,0
DA:49,0
DA:50,0
DA:51,0
DA:52,0
DA:53,1
DA:54,1
DA:55,0
DA:56,0
DA:57,0
DA:58,0
DA:59,0
DA:60,1
DA:61,1
DA:62,1
DA:63,1
DA:64,0
DA:65,0
DA:66,1
DA:67,1
DA:68,1
DA:69,0
DA:70,0
DA:71,1
DA:72,1
DA:73,3
DA:74,3
DA:75,3
DA:76,3
DA:77,3
DA:78,3
DA:79,3
DA:80,3
DA:81,3
DA:82,3
DA:83,3
DA:84,3
DA:85,3
DA:86,3
DA:87,3
DA:88,3
DA:89,0
DA:90,0
DA:91,0
DA:92,0
DA:93,1
DA:94,1
DA:95,1
DA:96,0
DA:97,0
DA:98,1
DA:99,1
DA:100,1
DA:101,1
DA:102,1
DA:103,1
DA:104,1
DA:105,1
DA:106,1
DA:107,1
DA:108,1
DA:109,1
DA:110,1
DA:111,1
DA:112,1
DA:113,6
DA:114,6
DA:115,6
DA:116,6
DA:117,6
DA:118,6
DA:119,1
DA:120,1
DA:121,1
DA:122,1
DA:123,1
DA:124,1
DA:125,1
DA:126,1
DA:127,1
DA:128,1
DA:129,1
LF:129
LH:102
BRDA:9,0,0,1
BRDA:72,1,0,1
BRDA:78,2,0,0
BRDA:79,3,0,0
BRDA:88,4,0,0
BRDA:95,5,0,0
BRDA:112,6,0,6
BRDA:114,7,0,1
BRDA:114,8,0,5
BRF:9
BRH:5
end_of_record
TN:
SF:client/components/Overview/Description.jsx
FN:8,Description
FN:23,changeSKU
FN:31,changeQuant
FN:37,addItem
FN:63,render
FNF:5
FNH:2
FNDA:1,Description
FNDA:0,changeSKU
FNDA:0,changeQuant
FNDA:0,addItem
FNDA:1,render
DA:1,1
DA:2,1
DA:3,1
DA:4,1
DA:5,1
DA:6,1
DA:7,1
DA:8,1
DA:9,1
DA:10,1
DA:11,1
DA:12,1
DA:13,1
DA:14,1
DA:15,1
DA:16,1
DA:17,1
DA:18,1
DA:19,1
DA:20,1
DA:21,1
DA:22,1
DA:23,1
DA:24,0
DA:25,0
DA:26,0
DA:27,0
DA:28,0
DA:29,0
DA:30,1
DA:31,1
DA:32,0
DA:33,0
DA:34,0
DA:35,0
DA:36,1
DA:37,1
DA:38,0
DA:39,0
DA:40,0
DA:41,0
DA:42,0
DA:43,0
DA:44,0
DA:45,0
DA:46,0
DA:47,0
DA:48,0
DA:49,0
DA:50,0
DA:51,0
DA:52,0
DA:53,0
DA:54,0
DA:55,0
DA:56,0
DA:57,0
DA:58,0
DA:59,0
DA:60,1
DA:61,1
DA:62,1
DA:63,1
DA:64,1
DA:65,1
DA:66,1
DA:67,1
DA:68,1
DA:69,1
DA:70,1
DA:71,1
DA:72,1
DA:73,1
DA:74,1
DA:75,1
DA:76,1
DA:77,1
DA:78,1
DA:79,1
DA:80,1
DA:81,1
DA:82,1
DA:83,1
DA:84,2
DA:85,2
DA:86,2
DA:87,2
DA:88,1
DA:89,1
DA:90,1
DA:91,1
DA:92,1
DA:93,1
DA:94,1
DA:95,1
DA:96,1
LF:96
LH:64
BRDA:8,0,0,1
BRDA:63,1,0,1
BRDA:83,2,0,2
BRF:3
BRH:3
end_of_record
TN:
SF:client/components/Overview/DropDown.jsx
FN:6,DropDown
FN:22,componentDidMount
FN:26,componentDidUpdate
FN:33,handleClick
FN:39,storeSize
FN:45,storeQuantity
FN:53,storeStyle
FN:57,showSize
FN:75,showQuantity
FN:96,render
FNF:10
FNH:6
FNDA:2,DropDown
FNDA:2,componentDidMount
FNDA:2,componentDidUpdate
FNDA:0,handleClick
FNDA:0,storeSize
FNDA:0,storeQuantity
FNDA:0,storeStyle
FNDA:2,showSize
FNDA:2,showQuantity
FNDA:4,render
DA:1,1
DA:2,1
DA:3,1
DA:4,1
DA:5,1
DA:6,1
DA:7,2
DA:8,2
DA:9,2
DA:10,2
DA:11,2
DA:12,2
DA:13,2
DA:14,2
DA:15,2
DA:16,2
DA:17,2
DA:18,2
DA:19,2
DA:20,2
DA:21,1
DA:22,1
DA:23,2
DA:24,2
DA:25,1
DA:26,1
DA:27,2
DA:28,0
DA:29,0
DA:30,2
DA:31,2
DA:32,1
DA:33,1
DA:34,0
DA:35,0
DA:36,0
DA:37,0
DA:38,1
DA:39,1
DA:40,0
DA:41,0
DA:42,0
DA:43,0
DA:44,1
DA:45,1
DA:46,0
DA:47,0
DA:48,0
DA:49,0
DA:50,0
DA:51,0
DA:52,1
DA:53,1
DA:54,0
DA:55,0
DA:56,1
DA:57,1
DA:58,2
DA:59,2
DA:60,2
DA:61,2
DA:62,2
DA:63,2
DA:64,2
DA:65,12
DA:66,12
DA:67,12
DA:68,12
DA:69,2
DA:70,2
DA:71,2
DA:72,2
DA:73,2
DA:74,1
DA:75,1
DA:76,2
DA:77,2
DA:78,2
DA:79,0
DA:80,0
DA:81,2
DA:82,2
DA:83,2
DA:84,2
DA:85,2
DA:86,0
DA:87,0
DA:88,0
DA:89,0
DA:90,2
DA:91,2
DA:92,2
DA:93,2
DA:94,2
DA:95,1
DA:96,1
DA:97,4
DA:98,4
DA:99,4
DA:100,4
DA:101,4
DA:102,0
DA:103,0
DA:104,4
DA:105,2
DA:106,2
DA:107,2
DA:108,2
DA:109,2
DA:110,2
DA:111,2
DA:112,2
DA:113,4
DA:114,4
DA:115,1
DA:116,1
DA:117,1
DA:118,1
DA:119,1
DA:120,1
DA:121,1
DA:122,1
DA:123,1
DA:124,1
DA:125,1
DA:126,1
DA:127,1
DA:128,1
DA:129,1
DA:130,1
DA:131,1
DA:132,1
DA:133,1
DA:134,1
DA:135,1
DA:136,1
LF:136
LH:110
BRDA:6,0,0,2
BRDA:22,1,0,2
BRDA:26,2,0,2
BRDA:27,3,0,0
BRDA:57,4,0,2
BRDA:64,5,0,12
BRDA:75,6,0,2
BRDA:76,7,0,0
BRDA:78,8,0,0
BRDA:96,9,0,4
BRDA:101,10,0,0
BRDA:104,11,0,2
BRF:12
BRH:8
end_of_record
TN:
SF:client/components/Overview/DropDownSelection.jsx
FN:5,DropDownSelection
FN:12,handleClick
FN:28,render
FNF:3
FNH:2
FNDA:6,DropDownSelection
FNDA:0,handleClick
FNDA:12,render
DA:1,1
DA:2,1
DA:3,1
DA:4,1
DA:5,1
DA:6,6
DA:7,6
DA:8,6
DA:9,6
DA:10,1
DA:11,1
DA:12,1
DA:13,1
DA:14,1
DA:15,1
DA:16,1
DA:17,1
DA:18,1
DA:19,1
DA:20,1
DA:21,0
DA:22,0
DA:23,0
DA:24,1
DA:25,1
DA:26,1
DA:27,1
DA:28,1
DA:29,12
DA:30,12
DA:31,12
DA:32,12
DA:33,12
DA:34,12
DA:35,1
DA:36,1
DA:37,1
DA:38,1
DA:39,1
DA:40,1
DA:41,1
LF:41
LH:27
BRDA:5,0,0,6
BRDA:28,1,0,12
BRF:2
BRH:2
end_of_record
TN:
SF:client/components/Overview/ExpandedPic.jsx
FN:4,ExpandedPic
FN:15,changeThumbNail
FN:20,handleRight
FN:29,handleLeft
FN:38,zoomIn
FN:42,move
FNF:6
FNH:2
FNDA:3,ExpandedPic
FNDA:0,changeThumbNail
FNDA:0,handleRight
FNDA:0,handleLeft
FNDA:1,zoomIn
FNDA:0,move
DA:1,1
DA:2,1
DA:3,1
DA:4,1
DA:5,3
DA:6,3
DA:7,3
DA:8,3
DA:9,3
DA:10,3
DA:11,3
DA:12,3
DA:13,3
DA:14,3
DA:15,3
DA:16,0
DA:17,0
DA:18,0
DA:19,3
DA:20,3
DA:21,0
DA:22,0
DA:23,0
DA:24,0
DA:25,0
DA:26,0
DA:27,0
DA:28,3
DA:29,3
DA:30,0
DA:31,0
DA:32,0
DA:33,0
DA:34,0
DA:35,0
DA:36,0
DA:37,3
DA:38,3
DA:39,1
DA:40,1
DA:41,3
DA:42,3
DA:43,0
DA:44,0
DA:45,0
DA:46,0
DA:47,0
DA:48,0
DA:49,0
DA:50,0
DA:51,0
DA:52,0
DA:53,0
DA:54,0
DA:55,0
DA:56,0
DA:57,0
DA:58,0
DA:59,0
DA:60,0
DA:61,0
DA:62,3
DA:63,3
DA:64,1
DA:65,2
DA:66,2
DA:67,2
DA:68,3
DA:69,3
DA:70,3
DA:71,3
DA:72,3
DA:73,3
DA:74,3
DA:75,3
DA:76,3
DA:77,3
DA:78,3
DA:79,3
DA:80,3
DA:81,3
DA:82,3
DA:83,3
DA:84,3
DA:85,3
DA:86,3
DA:87,3
DA:88,3
DA:89,3
DA:90,3
DA:91,3
DA:92,3
DA:93,3
DA:94,3
DA:95,1
DA:96,1
DA:97,1
LF:97
LH:61
BRDA:4,0,0,3
BRDA:10,1,0,0
BRDA:11,2,0,0
BRDA:63,3,0,2
BRDA:63,4,0,1
BRDA:38,5,0,1
BRDA:80,6,0,3
BRDA:81,7,0,1
BRDA:81,8,0,2
BRF:9
BRH:7
end_of_record
TN:
SF:client/components/Overview/Overview.jsx
FN:16,Overview
FN:33,componentDidMount
FN:64,componentDidUpdate
FN:94,changePic
FN:103,changeThumbnail
FN:111,scroll
FN:116,renderItems
FN:150,render
FNF:8
FNH:5
FNDA:1,Overview
FNDA:1,componentDidMount
FNDA:1,componentDidUpdate
FNDA:0,changePic
FNDA:0,changeThumbnail
FNDA:0,scroll
FNDA:1,renderItems
FNDA:2,render
DA:1,1
DA:2,1
DA:3,1
DA:4,1
DA:5,1
DA:6,1
DA:7,1
DA:8,1
DA:9,1
DA:10,1
DA:11,1
DA:12,1
DA:13,1
DA:14,1
DA:15,1
DA:16,1
DA:17,0
DA:18,0
DA:19,0
DA:20,0
DA:21,0
DA:22,0
DA:23,0
DA:24,0
DA:25,0
DA:26,0
DA:27,0
DA:28,0
DA:29,0
DA:30,0
DA:31,0
DA:32,1
DA:33,1
DA:34,1
DA:35,1
DA:36,1
DA:37,1
DA:38,1
DA:39,1
DA:40,1
DA:41,1
DA:42,1
DA:43,1
DA:44,1
DA:45,1
DA:46,1
DA:47,1
DA:48,1
DA:49,1
DA:50,1
DA:51,1
DA:52,1
DA:53,1
DA:54,1
DA:55,1
DA:56,1
DA:57,1
DA:58,1
DA:59,1
DA:60,1
DA:61,1
DA:62,1
DA:63,1
DA:64,1
DA:65,1
DA:66,1
DA:67,1
DA:68,1
DA:69,1
DA:70,1
DA:71,1
DA:72,1
DA:73,1
DA:74,1
DA:75,1
DA:76,1
DA:77,0
DA:78,0
DA:79,0
DA:80,0
DA:81,0
DA:82,0
DA:83,0
DA:84,0
DA:85,0
DA:86,1
DA:87,1
DA:88,1
DA:89,1
DA:90,1
DA:91,1
DA:92,1
DA:93,1
DA:94,1
DA:95,0
DA:96,0
DA:97,0
DA:98,0
DA:99,0
DA:100,0
DA:101,0
DA:102,1
DA:103,1
DA:104,0
DA:105,0
DA:106,0
DA:107,0
DA:108,0
DA:109,0
DA:110,1
DA:111,1
DA:112,0
DA:113,0
DA:114,0
DA:115,1
DA:116,1
DA:117,1
DA:118,1
DA:119,1
DA:120,1
DA:121,1
DA:122,1
DA:123,1
DA:124,1
DA:125,0
DA:126,0
DA:127,1
DA:128,1
DA:129,1
DA:130,1
DA:131,1
DA:132,1
DA:133,1
DA:134,1
DA:135,1
DA:136,1
DA:137,1
DA:138,1
DA:139,1
DA:140,1
DA:141,1
DA:142,6
DA:143,6
DA:144,1
DA:145,1
DA:146,1
DA:147,1
DA:148,1
DA:149,1
DA:150,1
DA:151,2
DA:152,2
DA:153,2
DA:154,1
DA:155,1
DA:156,1
DA:157,1
DA:158,1
DA:159,1
DA:160,1
DA:161,1
DA:162,1
DA:163,2
DA:164,1
DA:165,1
DA:166,1
DA:167,1
DA:168,1
DA:169,1
DA:170,1
DA:171,1
DA:172,1
DA:173,1
DA:174,1
DA:175,1
DA:176,1
DA:177,1
DA:178,1
DA:179,1
LF:179
LH:152
BRDA:16,0,0,1
BRDA:33,1,0,1
BRDA:64,2,0,1
BRDA:76,3,0,0
BRDA:116,4,0,1
BRDA:124,5,0,0
BRDA:141,6,0,6
BRDA:150,7,0,2
BRDA:153,8,0,1
BRF:9
BRH:7
end_of_record
TN:
SF:client/components/Overview/ProductImage.jsx
FN:6,ProductImage
FN:15,handleClick
FN:20,render
FNF:3
FNH:2
FNDA:6,ProductImage
FNDA:0,handleClick
FNDA:6,render
DA:1,1
DA:2,1
DA:3,1
DA:4,1
DA:5,1
DA:6,1
DA:7,6
DA:8,6
DA:9,6
DA:10,6
DA:11,6
DA:12,6
DA:13,1
DA:14,1
DA:15,1
DA:16,0
DA:17,0
DA:18,1
DA:19,1
DA:20,1
DA:21,6
DA:22,6
DA:23,6
DA:24,6
DA:25,6
DA:26,6
DA:27,6
DA:28,1
DA:29,1
DA:30,1
DA:31,1
DA:32,1
DA:33,1
DA:34,1
DA:35,1
DA:36,1
LF:36
LH:34
BRDA:6,0,0,6
BRDA:20,1,0,6
BRF:2
BRH:2
end_of_record
TN:
SF:client/components/Overview/Thumbnail.jsx
FN:5,Thumbnail
FN:23,handleClick
FN:28,render
FNF:3
FNH:2
FNDA:6,Thumbnail
FNDA:0,handleClick
FNDA:6,render
DA:1,1
DA:2,1
DA:3,1
DA:4,1
DA:5,1
DA:6,6
DA:7,6
DA:8,6
DA:9,6
DA:10,6
DA:11,6
DA:12,6
DA:13,1
DA:14,1
DA:15,1
DA:16,1
DA:17,1
DA:18,1
DA:19,1
DA:20,1
DA:21,1
DA:22,1
DA:23,1
DA:24,1
DA:25,1
DA:26,1
DA:27,1
DA:28,1
DA:29,6
DA:30,6
DA:31,6
DA:32,6
DA:33,6
DA:34,6
DA:35,1
DA:36,1
DA:37,1
DA:38,1
DA:39,1
DA:40,1
DA:41,1
DA:42,1
DA:43,1
DA:44,1
DA:45,1
LF:45
LH:41
BRDA:5,0,0,6
BRDA:28,1,0,6
BRDA:29,2,0,1
BRDA:29,3,0,5
BRF:4
BRH:4
end_of_record
TN:
SF:client/components/Overview/api/fetchGet.js
FN:4,fetchGet
FNF:1
FNH:0
FNDA:0,fetchGet
DA:1,1
DA:2,1
DA:3,1
DA:4,1
DA:5,0
DA:6,0
DA:7,1
DA:8,1
DA:9,1
LF:9
LH:7
BRF:0
BRH:0
end_of_record
TN:
SF:client/components/Overview/api/getStyles.js
FN:4,getStyles
FNF:1
FNH:0
FNDA:0,getStyles
DA:1,1
DA:2,1
DA:3,1
DA:4,1
DA:5,0
DA:6,0
DA:7,1
DA:8,1
DA:9,1
LF:9
LH:7
BRF:0
BRH:0
end_of_record
TN:
SF:client/components/RelatedItems/AdditionalImages.jsx
FN:4,AdditionalImages
FN:8,toggleMainImage
FN:15,onClick
FN:22,onClick
FNF:4
FNH:4
FNDA:7,AdditionalImages
FNDA:4,toggleMainImage
FNDA:1,onClick
FNDA:1,onClick
DA:1,1
DA:2,1
DA:3,1
DA:4,1
DA:5,7
DA:6,7
DA:7,7
DA:8,7
DA:9,4
DA:10,4
DA:11,7
DA:12,7
DA:13,7
DA:14,7
DA:15,7
DA:16,7
DA:17,7
DA:18,7
DA:19,7
DA:20,7
DA:21,7
DA:22,7
DA:23,7
DA:24,7
DA:25,7
DA:26,7
DA:27,7
DA:28,7
DA:29,7
DA:30,1
DA:31,1
DA:32,1
DA:33,1
DA:34,1
DA:35,1
DA:36,1
LF:36
LH:36
BRDA:4,0,0,7
BRDA:23,1,0,5
BRDA:8,2,0,4
BRDA:15,3,0,1
BRDA:20,4,0,24
BRDA:22,5,0,1
BRF:6
BRH:6
end_of_record
TN:
SF:client/components/RelatedItems/Comparison.jsx
FN:6,Comparison
FN:15,componentDidMount
FN:21,combineAllFeatures
FN:31,render
FN:38,onClick
FNF:5
FNH:4
FNDA:2,Comparison
FNDA:2,componentDidMount
FNDA:2,combineAllFeatures
FNDA:6,render
FNDA:0,onClick
DA:1,1
DA:2,1
DA:3,1
DA:4,1
DA:5,1
DA:6,1
DA:7,2
DA:8,2
DA:9,2
DA:10,2
DA:11,2
DA:12,2
DA:13,1
DA:14,1
DA:15,1
DA:16,2
DA:17,2
DA:18,2
DA:19,2
DA:20,1
DA:21,1
DA:22,2
DA:23,2
DA:24,2
DA:25,2
DA:26,2
DA:27,2
DA:28,2
DA:29,2
DA:30,1
DA:31,1
DA:32,6
DA:33,6
DA:34,6
DA:35,4
DA:36,4
DA:37,4
DA:38,4
DA:39,4
DA:40,4
DA:41,4
DA:42,4
DA:43,4
DA:44,4
DA:45,4
DA:46,4
DA:47,4
DA:48,4
DA:49,4
DA:50,4
DA:51,4
DA:52,4
DA:53,4
DA:54,4
DA:55,4
DA:56,4
DA:57,6
DA:58,2
DA:59,2
DA:60,2
DA:61,2
DA:62,2
DA:63,2
DA:64,2
DA:65,6
DA:66,1
DA:67,1
DA:68,1
DA:69,1
DA:70,1
DA:71,1
DA:72,1
DA:73,1
DA:74,1
DA:75,1
LF:75
LH:75
BRDA:6,0,0,2
BRDA:15,1,0,2
BRDA:21,2,0,2
BRDA:23,3,0,14
BRDA:31,4,0,6
BRDA:34,5,0,4
BRDA:57,6,0,2
BRDA:49,7,0,10
BRF:8
BRH:8
end_of_record
TN:
SF:client/components/RelatedItems/DescriptionRow.jsx
FN:4,DescriptionRow
FNF:1
FNH:1
FNDA:12,DescriptionRow
DA:1,1
DA:2,1
DA:3,1
DA:4,1
DA:5,12
DA:6,12
DA:7,12
DA:8,12
DA:9,12
DA:10,12
DA:11,8
DA:12,8
DA:13,4
DA:14,4
DA:15,4
DA:16,4
DA:17,4
DA:18,8
DA:19,12
DA:20,7
DA:21,7
DA:22,3
DA:23,5
DA:24,4
DA:25,4
DA:26,7
DA:27,11
DA:28,11
DA:29,11
DA:30,11
DA:31,11
DA:32,11
DA:33,11
DA:34,11
DA:35,11
DA:36,11
DA:37,1
DA:38,1
DA:39,1
DA:40,1
DA:41,1
DA:42,1
DA:43,1
DA:44,1
LF:44
LH:44
BRDA:4,0,0,12
BRDA:10,1,0,8
BRDA:12,2,0,4
BRDA:19,3,0,11
BRDA:19,4,0,7
BRDA:21,5,0,5
BRDA:21,6,0,3
BRDA:23,7,0,4
BRDA:27,8,0,11
BRDA:6,9,0,39
BRDA:7,10,0,38
BRF:11
BRH:11
end_of_record
TN:
SF:client/components/RelatedItems/OutfitCard.jsx
FN:6,OutfitCard
FN:8,defaultImg
FN:21,onClick
FNF:3
FNH:3
FNDA:16,OutfitCard
FNDA:16,defaultImg
FNDA:1,onClick
DA:1,1
DA:2,1
DA:3,1
DA:4,1
DA:5,1
DA:6,1
DA:7,16
DA:8,16
DA:9,16
DA:10,16
DA:11,16
DA:12,16
DA:13,16
DA:14,16
DA:15,16
DA:16,16
DA:17,16
DA:18,16
DA:19,16
DA:20,16
DA:21,16
DA:22,16
DA:23,16
DA:24,16
DA:25,16
DA:26,16
DA:27,16
DA:28,16
DA:29,16
DA:30,16
DA:31,16
DA:32,16
DA:33,1
DA:34,1
DA:35,1
DA:36,1
DA:37,1
DA:38,1
DA:39,1
LF:39
LH:39
BRDA:6,0,0,16
BRDA:8,1,0,16
BRDA:21,2,0,1
BRF:3
BRH:3
end_of_record
TN:
SF:client/components/RelatedItems/Outfits.jsx
FN:5,Outfits
FN:19,onClick
FN:25,onClick
FN:32,onClick
FNF:4
FNH:3
FNDA:8,Outfits
FNDA:1,onClick
FNDA:0,onClick
FNDA:1,onClick
DA:1,1
DA:2,1
DA:3,1
DA:4,1
DA:5,1
DA:6,8
DA:7,8
DA:8,8
DA:9,8
DA:10,8
DA:11,3
DA:12,8
DA:13,8
DA:14,8
DA:15,8
DA:16,8
DA:17,8
DA:18,8
DA:19,8
DA:20,8
DA:21,8
DA:22,8
DA:23,8
DA:24,8
DA:25,8
DA:26,8
DA:27,8
DA:28,8
DA:29,8
DA:30,8
DA:31,8
DA:32,8
DA:33,8
DA:34,8
DA:35,8
DA:36,8
DA:37,8
DA:38,8
DA:39,8
DA:40,8
DA:41,8
DA:42,1
DA:43,1
DA:44,1
DA:45,1
DA:46,1
DA:47,1
DA:48,1
DA:49,1
LF:49
LH:49
BRDA:5,0,0,8
BRDA:28,1,0,3
BRDA:28,2,0,5
BRDA:10,3,0,3
BRDA:19,4,0,1
BRDA:28,5,0,14
BRDA:32,6,0,1
BRF:7
BRH:7
end_of_record
TN:
SF:client/components/RelatedItems/Price.jsx
FN:3,Price
FNF:1
FNH:1
FNDA:57,Price
DA:1,1
DA:2,1
DA:3,1
DA:4,57
DA:5,1
DA:6,1
DA:7,1
DA:8,1
DA:9,1
DA:10,1
DA:11,56
DA:12,56
DA:13,56
DA:14,56
DA:15,56
DA:16,57
DA:17,1
DA:18,1
LF:18
LH:18
BRDA:3,0,0,57
BRDA:4,1,0,56
BRDA:4,2,0,1
BRF:3
BRH:3
end_of_record
TN:
SF:client/components/RelatedItems/Rating.jsx
FN:5,Rating
FNF:1
FNH:1
FNDA:55,Rating
DA:1,1
DA:2,1
DA:3,1
DA:4,1
DA:5,1
DA:6,55
DA:7,55
DA:8,55
DA:9,55
DA:10,55
DA:11,55
DA:12,55
DA:13,55
DA:14,55
DA:15,55
DA:16,55
DA:17,1
DA:18,1
DA:19,1
DA:20,1
DA:21,1
DA:22,1
LF:22
LH:22
BRDA:5,0,0,1
BRDA:7,1,0,4
BRDA:8,2,0,4
BRF:3
BRH:3
end_of_record
TN:
SF:client/components/RelatedItems/RelatedProductCard.jsx
FN:9,RelatedProductCard
FN:24,componentDidMount
FN:36,togglePop
FN:42,displayAdditionalImages
FN:50,hideAdditionalImages
FN:56,changeMainImage
FN:62,changeProductId
FN:68,render
FNF:8
FNH:7
FNDA:15,RelatedProductCard
FNDA:15,componentDidMount
FNDA:1,togglePop
FNDA:1,displayAdditionalImages
FNDA:1,hideAdditionalImages
FNDA:0,changeMainImage
FNDA:2,changeProductId
FNDA:39,render
DA:1,1
DA:2,1
DA:3,1
DA:4,1
DA:5,1
DA:6,1
DA:7,1
DA:8,1
DA:9,1
DA:10,0
DA:11,1
DA:12,0
DA:13,1
DA:14,0
DA:15,1
DA:16,1
DA:17,1
DA:18,1
DA:19,1
DA:20,1
DA:21,1
DA:22,1
DA:23,3
DA:24,3
DA:25,3
DA:26,3
DA:27,3
DA:28,3
DA:29,3
DA:30,3
DA:31,0
DA:32,1
DA:33,1
DA:34,1
DA:35,1
DA:36,1
DA:37,1
DA:38,1
DA:39,1
DA:40,1
DA:41,1
DA:42,1
DA:43,1
DA:44,1
DA:45,1
DA:46,1
DA:47,1
DA:48,1
DA:49,1
DA:50,1
DA:51,1
DA:52,1
DA:53,1
LF:53
LH:48
BRDA:3,0,0,1
BRDA:5,1,0,0
BRDA:9,2,0,0
BRDA:11,3,0,0
BRDA:13,4,0,0
BRDA:30,5,0,0
BRDA:32,6,0,0
BRDA:34,7,0,0
BRDA:37,8,0,0
BRDA:47,9,0,0
BRDA:22,10,0,3
BRDA:39,11,0,1
BRF:12
BRH:3
end_of_record
