TN:
SF:client/components/RelatedItems/AdditionalImages.jsx
FN:4,AdditionalImages
FNF:1
FNH:0
FNDA:0,AdditionalImages
DA:1,1
DA:2,1
DA:3,1
DA:4,1
DA:5,0
DA:6,0
DA:7,0
DA:8,0
DA:9,0
DA:10,0
DA:11,0
DA:12,0
DA:13,0
DA:14,0
DA:15,0
DA:16,0
DA:17,0
DA:18,0
DA:19,0
DA:20,0
DA:21,0
DA:22,0
DA:23,0
DA:24,0
DA:25,0
DA:26,0
DA:27,0
DA:28,0
DA:29,0
DA:30,1
DA:31,1
DA:32,1
DA:33,1
DA:34,1
DA:35,1
DA:36,1
LF:36
LH:11
BRF:0
BRH:0
end_of_record
TN:
SF:client/components/RelatedItems/Comparison.jsx
FN:6,Comparison
FN:15,componentDidMount
FN:21,combineAllFeatures
FN:31,render
FNF:4
FNH:0
FNDA:0,Comparison
FNDA:0,componentDidMount
FNDA:0,combineAllFeatures
FNDA:0,render
DA:1,1
DA:2,1
DA:3,1
DA:4,1
DA:5,1
DA:6,1
DA:7,0
DA:8,0
DA:9,0
DA:10,0
DA:11,0
DA:12,0
DA:13,1
DA:14,1
DA:15,1
DA:16,0
DA:17,0
DA:18,0
DA:19,0
DA:20,1
DA:21,1
DA:22,0
DA:23,0
DA:24,0
DA:25,0
DA:26,0
DA:27,0
DA:28,0
DA:29,0
DA:30,1
DA:31,1
DA:32,0
DA:33,0
DA:34,0
DA:35,0
DA:36,0
DA:37,0
DA:38,0
DA:39,0
DA:40,0
DA:41,0
DA:42,0
DA:43,0
DA:44,0
DA:45,0
DA:46,0
DA:47,0
DA:48,0
DA:49,0
DA:50,0
DA:51,0
DA:52,0
DA:53,0
DA:54,0
DA:55,0
DA:56,0
DA:57,0
DA:58,0
DA:59,0
DA:60,0
DA:61,0
DA:62,0
DA:63,0
DA:64,0
DA:65,0
DA:66,1
DA:67,1
DA:68,1
DA:69,1
DA:70,1
DA:71,1
DA:72,1
DA:73,1
DA:74,1
DA:75,1
LF:75
LH:23
BRF:0
BRH:0
end_of_record
TN:
SF:client/components/RelatedItems/DescriptionRow.jsx
FN:4,DescriptionRow
FNF:1
FNH:0
FNDA:0,DescriptionRow
DA:1,1
DA:2,1
DA:3,1
DA:4,1
DA:5,0
DA:6,0
DA:7,0
DA:8,0
DA:9,0
DA:10,0
DA:11,0
DA:12,0
DA:13,0
DA:14,0
DA:15,0
DA:16,0
DA:17,0
DA:18,0
DA:19,0
DA:20,0
DA:21,0
DA:22,0
DA:23,0
DA:24,0
DA:25,0
DA:26,0
DA:27,0
DA:28,0
DA:29,0
DA:30,0
DA:31,0
DA:32,0
DA:33,0
DA:34,0
DA:35,0
DA:36,0
DA:37,1
DA:38,1
DA:39,1
DA:40,1
DA:41,1
DA:42,1
DA:43,1
DA:44,1
LF:44
LH:12
BRF:0
BRH:0
end_of_record
TN:
SF:client/components/RelatedItems/OutfitCard.jsx
FN:6,OutfitCard
FN:8,defaultImg
FN:21,onClick
FNF:3
FNH:2
FNDA:1,OutfitCard
FNDA:1,defaultImg
FNDA:0,onClick
DA:1,1
DA:2,1
DA:3,1
DA:4,1
DA:5,1
DA:6,1
DA:7,1
DA:8,1
DA:9,1
DA:10,1
DA:11,1
DA:12,0
DA:13,0
DA:14,1
DA:15,1
DA:16,1
DA:17,1
DA:18,1
DA:19,1
DA:20,1
DA:21,1
DA:22,1
DA:23,1
DA:24,1
DA:25,1
DA:26,1
DA:27,1
DA:28,1
DA:29,1
DA:30,1
DA:31,1
DA:32,1
DA:33,1
DA:34,1
DA:35,1
DA:36,1
DA:37,1
DA:38,1
DA:39,1
LF:39
LH:37
BRDA:6,0,0,1
BRDA:8,1,0,1
BRDA:11,2,0,0
BRF:3
BRH:2
end_of_record
TN:
SF:client/components/RelatedItems/Outfits.jsx
FN:5,Outfits
FN:19,onClick
FN:25,onClick
FN:32,onClick
FNF:4
FNH:2
FNDA:7,Outfits
FNDA:0,onClick
FNDA:1,onClick
FNDA:0,onClick
DA:1,1
DA:2,1
DA:3,1
DA:4,1
DA:5,1
DA:6,7
DA:7,7
DA:8,7
DA:9,7
DA:10,7
DA:11,4
DA:12,7
DA:13,7
DA:14,7
DA:15,7
DA:16,7
DA:17,7
DA:18,7
DA:19,7
DA:20,7
DA:21,7
DA:22,7
DA:23,7
DA:24,7
DA:25,7
DA:26,7
DA:27,7
DA:28,7
DA:29,7
DA:30,7
DA:31,7
DA:32,7
DA:33,7
DA:34,7
DA:35,7
DA:36,7
DA:37,7
DA:38,7
DA:39,7
DA:40,7
DA:41,7
DA:42,1
DA:43,1
DA:44,1
DA:45,1
DA:46,1
DA:47,1
DA:48,1
DA:49,1
LF:49
LH:49
BRDA:5,0,0,7
BRDA:28,1,0,6
BRDA:28,2,0,1
BRDA:10,3,0,4
BRDA:25,4,0,1
BRDA:28,5,0,1
BRF:6
BRH:6
end_of_record
TN:
SF:client/components/RelatedItems/Price.jsx
FN:3,Price
FNF:1
FNH:1
FNDA:21,Price
DA:1,1
DA:2,1
DA:3,1
DA:4,21
DA:5,0
DA:6,0
DA:7,0
DA:8,0
DA:9,0
DA:10,0
DA:11,21
DA:12,21
DA:13,21
DA:14,21
DA:15,21
DA:16,21
DA:17,1
DA:18,1
LF:18
LH:12
BRDA:3,0,0,21
BRDA:4,1,0,0
BRF:2
BRH:1
end_of_record
TN:
SF:client/components/RelatedItems/Rating.jsx
FN:5,Rating
FNF:1
FNH:1
FNDA:21,Rating
DA:1,1
DA:2,1
DA:3,1
DA:4,1
DA:5,1
DA:6,21
DA:7,21
DA:8,21
DA:9,21
DA:10,21
DA:11,21
DA:12,21
DA:13,21
DA:14,21
DA:15,21
DA:16,21
DA:17,1
DA:18,1
DA:19,1
DA:20,1
DA:21,1
DA:22,1
LF:22
LH:22
BRDA:5,0,0,21
BRDA:7,1,0,100
BRDA:8,2,0,100
BRF:3
BRH:3
end_of_record
TN:
SF:client/components/RelatedItems/RelatedItems.jsx
FN:9,RelatedItems
FN:20,componentDidMount
FN:32,componentDidUpdate
FN:44,addToOutfit
FN:59,removeFromOutfit
FN:73,render
FNF:6
FNH:5
FNDA:3,RelatedItems
FNDA:3,componentDidMount
FNDA:4,componentDidUpdate
FNDA:1,addToOutfit
FNDA:0,removeFromOutfit
FNDA:7,render
DA:1,1
DA:2,1
DA:3,1
DA:4,1
DA:5,1
DA:6,1
DA:7,1
DA:8,1
DA:9,1
DA:10,3
DA:11,3
DA:12,3
DA:13,3
DA:14,3
DA:15,3
DA:16,3
DA:17,3
DA:18,3
DA:19,1
DA:20,1
DA:21,3
DA:22,3
DA:23,3
DA:24,3
DA:25,3
DA:26,3
DA:27,3
DA:28,3
DA:29,3
DA:30,3
DA:31,1
DA:32,1
DA:33,4
DA:34,0
DA:35,0
DA:36,0
DA:37,0
DA:38,0
DA:39,0
DA:40,0
DA:41,0
DA:42,4
DA:43,1
DA:44,1
DA:45,1
DA:46,1
DA:47,0
DA:48,0
DA:49,1
DA:50,1
DA:51,1
DA:52,1
DA:53,1
DA:54,1
DA:55,1
DA:56,1
DA:57,1
DA:58,1
DA:59,1
DA:60,0
DA:61,0
DA:62,0
DA:63,0
DA:64,0
DA:65,0
DA:66,0
DA:67,0
DA:68,0
DA:69,0
DA:70,0
DA:71,0
DA:72,1
DA:73,1
DA:74,7
DA:75,7
DA:76,7
DA:77,7
DA:78,7
DA:79,4
DA:80,4
DA:81,7
DA:82,3
DA:83,7
DA:84,7
DA:85,7
DA:86,1
DA:87,1
DA:88,1
DA:89,1
DA:90,1
DA:91,1
DA:92,1
DA:93,1
DA:94,1
LF:94
LH:72
BRDA:9,0,0,3
BRDA:20,1,0,3
BRDA:23,2,0,3
BRDA:26,3,0,0
BRDA:32,4,0,4
BRDA:33,5,0,0
BRDA:44,6,0,1
BRDA:46,7,0,0
BRDA:73,8,0,7
BRDA:78,9,0,4
BRDA:81,10,0,3
BRF:11
BRH:8
end_of_record
TN:
SF:client/components/RelatedItems/RelatedProductCard.jsx
FN:9,RelatedProductCard
FN:24,componentDidMount
FN:36,togglePop
FN:42,displayAdditionalImages
FN:50,hideAdditionalImages
FN:56,changeMainImage
FN:62,changeProductId
FN:68,render
FNF:8
FNH:3
FNDA:8,RelatedProductCard
FNDA:8,componentDidMount
FNDA:0,togglePop
FNDA:0,displayAdditionalImages
FNDA:0,hideAdditionalImages
FNDA:0,changeMainImage
FNDA:0,changeProductId
FNDA:20,render
DA:1,1
DA:2,1
DA:3,1
DA:4,1
DA:5,1
DA:6,1
DA:7,1
DA:8,1
DA:9,1
DA:10,8
DA:11,8
DA:12,8
DA:13,8
DA:14,8
DA:15,8
DA:16,8
DA:17,8
DA:18,8
DA:19,8
DA:20,8
DA:21,8
DA:22,8
DA:23,1
DA:24,1
DA:25,8
DA:26,8
DA:27,8
DA:28,8
DA:29,8
DA:30,8
DA:31,8
DA:32,8
DA:33,8
DA:34,8
DA:35,1
DA:36,1
DA:37,0
DA:38,0
DA:39,0
DA:40,0
DA:41,1
DA:42,1
DA:43,0
DA:44,0
DA:45,0
DA:46,0
DA:47,0
DA:48,0
DA:49,1
DA:50,1
DA:51,0
DA:52,0
DA:53,0
DA:54,0
DA:55,1
DA:56,1
DA:57,0
DA:58,0
DA:59,0
DA:60,0
DA:61,1
DA:62,1
DA:63,0
DA:64,0
DA:65,0
DA:66,0
DA:67,1
DA:68,1
DA:69,20
DA:70,20
DA:71,20
DA:72,20
DA:73,20
DA:74,20
DA:75,20
DA:76,20
DA:77,20
DA:78,20
DA:79,20
DA:80,20
DA:81,20
DA:82,20
DA:83,20
DA:84,20
DA:85,20
DA:86,20
DA:87,20
DA:88,20
DA:89,20
DA:90,20
DA:91,1
DA:92,1
DA:93,1
DA:94,1
DA:95,1
DA:96,1
DA:97,1
DA:98,1
DA:99,1
DA:100,1
DA:101,1
DA:102,1
LF:102
LH:80
BRDA:9,0,0,8
BRDA:24,1,0,8
BRDA:68,2,0,20
BRDA:73,3,0,0
BRDA:79,4,0,0
BRF:5
BRH:3
end_of_record
TN:
SF:client/components/RelatedItems/RelatedProducts.jsx
FN:5,RelatedProducts
FN:19,onClick
FN:28,onClick
FNF:3
FNH:1
FNDA:6,RelatedProducts
FNDA:0,onClick
FNDA:0,onClick
DA:1,1
DA:2,1
DA:3,1
DA:4,1
DA:5,1
DA:6,6
DA:7,6
DA:8,6
DA:9,6
DA:10,6
DA:11,3
DA:12,6
DA:13,6
DA:14,6
DA:15,6
DA:16,6
DA:17,6
DA:18,6
DA:19,6
DA:20,6
DA:21,6
DA:22,6
DA:23,6
DA:24,6
DA:25,6
DA:26,6
DA:27,6
DA:28,6
DA:29,6
DA:30,6
DA:31,6
DA:32,6
DA:33,6
DA:34,6
DA:35,6
DA:36,6
DA:37,1
DA:38,1
DA:39,1
DA:40,1
DA:41,1
DA:42,1
DA:43,1
DA:44,1
DA:45,1
LF:45
LH:45
BRDA:5,0,0,6
BRDA:10,1,0,3
BRDA:24,2,0,12
BRF:3
BRH:3
end_of_record
TN:
SF:client/components/RelatedItems/getRelatedItems.jsx
FN:4,getRelatedItems
FNF:1
FNH:0
FNDA:0,getRelatedItems
DA:1,1
DA:2,1
DA:3,1
DA:4,1
DA:5,0
DA:6,0
DA:7,0
DA:8,0
DA:9,0
DA:10,0
DA:11,0
DA:12,0
DA:13,0
DA:14,0
DA:15,0
DA:16,0
DA:17,1
DA:18,1
LF:18
LH:6
BRF:0
BRH:0
end_of_record
TN:
SF:client/components/Reviews/star.jsx
FN:3,Stars
FNF:1
FNH:1
FNDA:21,Stars
DA:1,1
DA:2,1
DA:3,1
DA:4,21
DA:5,21
DA:6,21
DA:7,21
DA:8,21
DA:9,21
DA:10,0
DA:11,21
DA:12,20
DA:13,21
DA:14,0
DA:15,1
DA:16,0
DA:17,0
DA:18,21
DA:19,21
DA:20,21
DA:21,21
DA:22,20
DA:23,60
DA:24,60
DA:25,60
DA:26,60
DA:27,60
DA:28,60
DA:29,60
DA:30,60
DA:31,1
DA:32,21
DA:33,21
DA:34,21
DA:35,21
DA:36,21
DA:37,21
DA:38,21
DA:39,21
DA:40,25
DA:41,25
DA:42,25
DA:43,25
DA:44,25
DA:45,25
DA:46,25
DA:47,25
DA:48,0
DA:49,21
DA:50,21
DA:51,21
DA:52,1
DA:53,1
LF:53
LH:48
BRDA:3,0,0,21
BRDA:5,1,0,1
BRDA:9,2,0,0
BRDA:11,3,0,20
BRDA:13,4,0,1
BRDA:13,5,0,0
BRDA:15,6,0,0
BRDA:21,7,0,20
BRDA:30,8,0,1
BRDA:32,9,0,20
BRDA:33,10,0,1
BRDA:34,11,0,0
BRDA:36,12,0,0
BRDA:47,13,0,0
BRDA:22,14,0,60
BRDA:39,15,0,25
BRF:16
BRH:10
end_of_record
